<?xml version="1.0" encoding="UTF-8"?>
<testng-results ignored="0" total="1" passed="1" failed="0" skipped="0">
  <reporter-output>
  </reporter-output>
  <suite started-at="2023-12-29T13:31:38 IST" name="Suite" finished-at="2023-12-29T13:31:54 IST" duration-ms="16280">
    <groups>
    </groups>
    <test started-at="2023-12-29T13:31:38 IST" name="Test" finished-at="2023-12-29T13:31:54 IST" duration-ms="16280">
      <class name="com.actitime.testscript.UserModule">
        <test-method is-config="true" signature="openBrowser()[pri:0, instance:com.actitime.testscript.UserModule@17497425]" started-at="2023-12-29T13:31:38 IST" name="openBrowser" finished-at="2023-12-29T13:31:42 IST" duration-ms="4432" status="PASS">
          <reporter-output>
          </reporter-output>
        </test-method> <!-- openBrowser -->
        <test-method is-config="true" signature="login()[pri:0, instance:com.actitime.testscript.UserModule@17497425]" started-at="2023-12-29T13:31:42 IST" name="login" finished-at="2023-12-29T13:31:43 IST" duration-ms="270" status="PASS">
          <reporter-output>
          </reporter-output>
        </test-method> <!-- login -->
        <test-method signature="createAndDeleteUser()[pri:0, instance:com.actitime.testscript.UserModule@17497425]" started-at="2023-12-29T13:31:43 IST" name="createAndDeleteUser" finished-at="2023-12-29T13:31:53 IST" duration-ms="10721" status="PASS">
          <reporter-output>
          </reporter-output>
        </test-method> <!-- createAndDeleteUser -->
        <test-method is-config="true" signature="logout()[pri:0, instance:com.actitime.testscript.UserModule@17497425]" started-at="2023-12-29T13:31:53 IST" name="logout" finished-at="2023-12-29T13:31:54 IST" duration-ms="525" status="PASS">
          <reporter-output>
          </reporter-output>
        </test-method> <!-- logout -->
        <test-method is-config="true" signature="closeBrowser()[pri:0, instance:com.actitime.testscript.UserModule@17497425]" started-at="2023-12-29T13:31:54 IST" name="closeBrowser" finished-at="2023-12-29T13:31:54 IST" duration-ms="275" status="PASS">
          <reporter-output>
          </reporter-output>
        </test-method> <!-- closeBrowser -->
      </class> <!-- com.actitime.testscript.UserModule -->
    </test> <!-- Test -->
  </suite> <!-- Suite -->
</testng-results>
